<?xml version="1.0" encoding="UTF-8"?>
<coverage generated="1764845291143" clover="3.2.0">
  <project timestamp="1764845291143" name="All files">
    <metrics statements="17" coveredstatements="3" conditionals="18" coveredconditionals="1" methods="5" coveredmethods="1" elements="40" coveredelements="5" complexity="0" loc="17" ncloc="17" packages="1" files="1" classes="1"/>
    <file name="utils.js" path="C:\Users\johan\Workshops\Uppgift\utils.js">
      <metrics statements="17" coveredstatements="3" conditionals="18" coveredconditionals="1" methods="5" coveredmethods="1"/>
      <line num="14" count="1" type="cond" truecount="1" falsecount="1"/>
      <line num="15" count="1" type="stmt"/>
      <line num="34" count="0" type="cond" truecount="0" falsecount="4"/>
      <line num="36" count="0" type="stmt"/>
      <line num="37" count="0" type="stmt"/>
      <line num="38" count="0" type="stmt"/>
      <line num="40" count="0" type="stmt"/>
      <line num="58" count="0" type="cond" truecount="0" falsecount="2"/>
      <line num="59" count="0" type="cond" truecount="0" falsecount="4"/>
      <line num="60" count="0" type="stmt"/>
      <line num="62" count="0" type="stmt"/>
      <line num="87" count="0" type="cond" truecount="0" falsecount="2"/>
      <line num="89" count="0" type="stmt"/>
      <line num="90" count="0" type="cond" truecount="0" falsecount="2"/>
      <line num="91" count="0" type="cond" truecount="0" falsecount="2"/>
      <line num="92" count="0" type="stmt"/>
      <line num="96" count="1" type="stmt"/>
    </file>
  </project>
</coverage>
