{"C:\\Users\\johan\\Workshops\\Uppgift\\utils.js": {"path":"C:\\Users\\johan\\Workshops\\Uppgift\\utils.js","statementMap":{"0":{"start":{"line":14,"column":1},"end":{"line":14,"column":40}},"1":{"start":{"line":14,"column":30},"end":{"line":14,"column":40}},"2":{"start":{"line":15,"column":1},"end":{"line":15,"column":43}},"3":{"start":{"line":34,"column":1},"end":{"line":34,"column":66}},"4":{"start":{"line":34,"column":54},"end":{"line":34,"column":66}},"5":{"start":{"line":36,"column":11},"end":{"line":36,"column":12}},"6":{"start":{"line":37,"column":1},"end":{"line":39,"column":2}},"7":{"start":{"line":38,"column":2},"end":{"line":38,"column":11}},"8":{"start":{"line":40,"column":1},"end":{"line":40,"column":29}},"9":{"start":{"line":58,"column":1},"end":{"line":58,"column":27}},"10":{"start":{"line":58,"column":12},"end":{"line":58,"column":27}},"11":{"start":{"line":59,"column":1},"end":{"line":61,"column":2}},"12":{"start":{"line":60,"column":2},"end":{"line":60,"column":26}},"13":{"start":{"line":62,"column":1},"end":{"line":62,"column":16}},"14":{"start":{"line":87,"column":1},"end":{"line":87,"column":38}},"15":{"start":{"line":87,"column":28},"end":{"line":87,"column":38}},"16":{"start":{"line":89,"column":1},"end":{"line":93,"column":4}},"17":{"start":{"line":90,"column":2},"end":{"line":90,"column":24}},"18":{"start":{"line":90,"column":15},"end":{"line":90,"column":24}},"19":{"start":{"line":91,"column":2},"end":{"line":91,"column":25}},"20":{"start":{"line":91,"column":15},"end":{"line":91,"column":25}},"21":{"start":{"line":92,"column":2},"end":{"line":92,"column":45}},"22":{"start":{"line":96,"column":0},"end":{"line":101,"column":2}}},"fnMap":{"0":{"name":"sanitizeInput","decl":{"start":{"line":13,"column":9},"end":{"line":13,"column":22}},"loc":{"start":{"line":13,"column":28},"end":{"line":16,"column":1}},"line":13},"1":{"name":"average","decl":{"start":{"line":33,"column":9},"end":{"line":33,"column":16}},"loc":{"start":{"line":33,"column":26},"end":{"line":41,"column":1}},"line":33},"2":{"name":"getUserName","decl":{"start":{"line":57,"column":9},"end":{"line":57,"column":20}},"loc":{"start":{"line":57,"column":27},"end":{"line":63,"column":1}},"line":57},"3":{"name":"sortByDate","decl":{"start":{"line":86,"column":9},"end":{"line":86,"column":19}},"loc":{"start":{"line":86,"column":27},"end":{"line":94,"column":1}},"line":86},"4":{"name":"(anonymous_4)","decl":{"start":{"line":89,"column":24},"end":{"line":89,"column":25}},"loc":{"start":{"line":89,"column":34},"end":{"line":93,"column":2}},"line":89}},"branchMap":{"0":{"loc":{"start":{"line":14,"column":1},"end":{"line":14,"column":40}},"type":"if","locations":[{"start":{"line":14,"column":1},"end":{"line":14,"column":40}},{"start":{},"end":{}}],"line":14},"1":{"loc":{"start":{"line":34,"column":1},"end":{"line":34,"column":66}},"type":"if","locations":[{"start":{"line":34,"column":1},"end":{"line":34,"column":66}},{"start":{},"end":{}}],"line":34},"2":{"loc":{"start":{"line":34,"column":5},"end":{"line":34,"column":52}},"type":"binary-expr","locations":[{"start":{"line":34,"column":5},"end":{"line":34,"column":28}},{"start":{"line":34,"column":32},"end":{"line":34,"column":52}}],"line":34},"3":{"loc":{"start":{"line":58,"column":1},"end":{"line":58,"column":27}},"type":"if","locations":[{"start":{"line":58,"column":1},"end":{"line":58,"column":27}},{"start":{},"end":{}}],"line":58},"4":{"loc":{"start":{"line":59,"column":1},"end":{"line":61,"column":2}},"type":"if","locations":[{"start":{"line":59,"column":1},"end":{"line":61,"column":2}},{"start":{},"end":{}}],"line":59},"5":{"loc":{"start":{"line":59,"column":5},"end":{"line":59,"column":61}},"type":"binary-expr","locations":[{"start":{"line":59,"column":5},"end":{"line":59,"column":34}},{"start":{"line":59,"column":38},"end":{"line":59,"column":61}}],"line":59},"6":{"loc":{"start":{"line":87,"column":1},"end":{"line":87,"column":38}},"type":"if","locations":[{"start":{"line":87,"column":1},"end":{"line":87,"column":38}},{"start":{},"end":{}}],"line":87},"7":{"loc":{"start":{"line":90,"column":2},"end":{"line":90,"column":24}},"type":"if","locations":[{"start":{"line":90,"column":2},"end":{"line":90,"column":24}},{"start":{},"end":{}}],"line":90},"8":{"loc":{"start":{"line":91,"column":2},"end":{"line":91,"column":25}},"type":"if","locations":[{"start":{"line":91,"column":2},"end":{"line":91,"column":25}},{"start":{},"end":{}}],"line":91}},"s":{"0":1,"1":0,"2":1,"3":0,"4":0,"5":0,"6":0,"7":0,"8":0,"9":0,"10":0,"11":0,"12":0,"13":0,"14":0,"15":0,"16":0,"17":0,"18":0,"19":0,"20":0,"21":0,"22":1},"f":{"0":1,"1":0,"2":0,"3":0,"4":0},"b":{"0":[0,1],"1":[0,0],"2":[0,0],"3":[0,0],"4":[0,0],"5":[0,0],"6":[0,0],"7":[0,0],"8":[0,0]},"_coverageSchema":"1a1c01bbd47fc00a2c39e90264f33305004495a9","hash":"41cc31af22f6dc674b8234f1673a127e0a550fdb"}
}
