TN:
SF:utils.js
FN:13,sanitizeInput
FN:33,average
FN:57,getUserName
FN:86,sortByDate
FN:89,(anonymous_4)
FNF:5
FNH:1
FNDA:1,sanitizeInput
FNDA:0,average
FNDA:0,getUserName
FNDA:0,sortByDate
FNDA:0,(anonymous_4)
DA:14,1
DA:15,1
DA:34,0
DA:36,0
DA:37,0
DA:38,0
DA:40,0
DA:58,0
DA:59,0
DA:60,0
DA:62,0
DA:87,0
DA:89,0
DA:90,0
DA:91,0
DA:92,0
DA:96,1
LF:17
LH:3
BRDA:14,0,0,0
BRDA:14,0,1,1
BRDA:34,1,0,0
BRDA:34,1,1,0
BRDA:34,2,0,0
BRDA:34,2,1,0
BRDA:58,3,0,0
BRDA:58,3,1,0
BRDA:59,4,0,0
BRDA:59,4,1,0
BRDA:59,5,0,0
BRDA:59,5,1,0
BRDA:87,6,0,0
BRDA:87,6,1,0
BRDA:90,7,0,0
BRDA:90,7,1,0
BRDA:91,8,0,0
BRDA:91,8,1,0
BRF:18
BRH:1
end_of_record
